<?xml version="1.0" encoding="UTF-8"?>
<testsuite name="az.edu.ada.wm2.springbootsecurityframeworkdemo.SpringBootSecurityFrameworkDemoApplicationTests" tests="1" skipped="0" failures="0" errors="0" timestamp="2024-04-28T11:42:00" hostname="DESKTOP-QO9DOES" time="1.188">
  <properties/>
  <testcase name="contextLoads()" classname="az.edu.ada.wm2.springbootsecurityframeworkdemo.SpringBootSecurityFrameworkDemoApplicationTests" time="1.188"/>
  <system-out><![CDATA[15:41:44.152 [Test worker] INFO org.springframework.test.context.support.AnnotationConfigContextLoaderUtils -- Could not detect default configuration classes for test class [az.edu.ada.wm2.springbootsecurityframeworkdemo.SpringBootSecurityFrameworkDemoApplicationTests]: SpringBootSecurityFrameworkDemoApplicationTests does not declare any static, non-private, non-final, nested classes annotated with @Configuration.
15:41:44.485 [Test worker] INFO org.springframework.boot.test.context.SpringBootTestContextBootstrapper -- Found @SpringBootConfiguration az.edu.ada.wm2.springbootsecurityframeworkdemo.SpringBootSecurityFrameworkDemoApplication for test class az.edu.ada.wm2.springbootsecurityframeworkdemo.SpringBootSecurityFrameworkDemoApplicationTests

  .   ____          _            __ _ _
 /\\ / ___'_ __ _ _(_)_ __  __ _ \ \ \ \
( ( )\___ | '_ | '_| | '_ \/ _` | \ \ \ \
 \\/  ___)| |_)| | | | | || (_| |  ) ) ) )
  '  |____| .__|_| |_|_| |_\__, | / / / /
 =========|_|==============|___/=/_/_/_/
 :: Spring Boot ::                (v3.2.5)

2024-04-28T15:41:46.116+04:00  INFO 27832 --- [    Test worker] ootSecurityFrameworkDemoApplicationTests : Starting SpringBootSecurityFrameworkDemoApplicationTests using Java 17.0.10 with PID 27832 (started by nargi in C:\Users\nargi\OneDrive\Documents\web2\as1-spring-boot-logging-and-security-nargizh7)
2024-04-28T15:41:46.120+04:00  INFO 27832 --- [    Test worker] ootSecurityFrameworkDemoApplicationTests : No active profile set, falling back to 1 default profile: "default"
2024-04-28T15:41:48.717+04:00  INFO 27832 --- [    Test worker] .s.d.r.c.RepositoryConfigurationDelegate : Bootstrapping Spring Data JPA repositories in DEFAULT mode.
2024-04-28T15:41:49.124+04:00  INFO 27832 --- [    Test worker] .s.d.r.c.RepositoryConfigurationDelegate : Finished Spring Data repository scanning in 308 ms. Found 2 JPA repository interfaces.
2024-04-28T15:41:51.412+04:00  INFO 27832 --- [    Test worker] com.zaxxer.hikari.HikariDataSource       : HikariPool-1 - Starting...
2024-04-28T15:41:51.913+04:00  INFO 27832 --- [    Test worker] com.zaxxer.hikari.pool.HikariPool        : HikariPool-1 - Added connection conn0: url=jdbc:h2:mem:authDB user=SA
2024-04-28T15:41:51.915+04:00  INFO 27832 --- [    Test worker] com.zaxxer.hikari.HikariDataSource       : HikariPool-1 - Start completed.
2024-04-28T15:41:52.070+04:00  INFO 27832 --- [    Test worker] o.hibernate.jpa.internal.util.LogHelper  : HHH000204: Processing PersistenceUnitInfo [name: default]
2024-04-28T15:41:52.325+04:00  INFO 27832 --- [    Test worker] org.hibernate.Version                    : HHH000412: Hibernate ORM core version 6.4.4.Final
2024-04-28T15:41:52.468+04:00  INFO 27832 --- [    Test worker] o.h.c.internal.RegionFactoryInitiator    : HHH000026: Second-level cache disabled
2024-04-28T15:41:53.201+04:00  INFO 27832 --- [    Test worker] o.s.o.j.p.SpringPersistenceUnitInfo      : No LoadTimeWeaver setup: ignoring JPA class transformer
2024-04-28T15:41:55.168+04:00  INFO 27832 --- [    Test worker] o.h.e.t.j.p.i.JtaPlatformInitiator       : HHH000489: No JTA platform available (set 'hibernate.transaction.jta.platform' to enable JTA platform integration)
2024-04-28T15:41:55.260+04:00  INFO 27832 --- [    Test worker] j.LocalContainerEntityManagerFactoryBean : Initialized JPA EntityManagerFactory for persistence unit 'default'
2024-04-28T15:41:55.988+04:00  INFO 27832 --- [    Test worker] o.s.d.j.r.query.QueryEnhancerFactory     : Hibernate is in classpath; If applicable, HQL parser will be used.
2024-04-28T15:41:57.316+04:00  WARN 27832 --- [    Test worker] JpaBaseConfiguration$JpaWebConfiguration : spring.jpa.open-in-view is enabled by default. Therefore, database queries may be performed during view rendering. Explicitly configure spring.jpa.open-in-view to disable this warning
2024-04-28T15:41:58.428+04:00  INFO 27832 --- [    Test worker] o.s.s.web.DefaultSecurityFilterChain     : Will secure any request with [org.springframework.security.web.session.DisableEncodeUrlFilter@53f67af6, org.springframework.security.web.context.request.async.WebAsyncManagerIntegrationFilter@5a85f41b, org.springframework.security.web.context.SecurityContextHolderFilter@54e0b29c, org.springframework.security.web.header.HeaderWriterFilter@7ba38cce, org.springframework.web.filter.CorsFilter@35abfeba, org.springframework.security.web.authentication.logout.LogoutFilter@19aa9540, org.springframework.security.web.authentication.UsernamePasswordAuthenticationFilter@5035c23c, org.springframework.security.web.savedrequest.RequestCacheAwareFilter@4c24063c, org.springframework.security.web.servletapi.SecurityContextHolderAwareRequestFilter@3dd22110, org.springframework.security.web.authentication.AnonymousAuthenticationFilter@7b031f53, org.springframework.security.web.access.ExceptionTranslationFilter@4300b54c, org.springframework.security.web.access.intercept.AuthorizationFilter@8cd00bc]
2024-04-28T15:41:59.307+04:00  INFO 27832 --- [    Test worker] o.s.b.a.h2.H2ConsoleAutoConfiguration    : H2 console available at '/h2'. Database available at 'jdbc:h2:mem:authDB'
2024-04-28T15:41:59.580+04:00  INFO 27832 --- [    Test worker] ootSecurityFrameworkDemoApplicationTests : Started SpringBootSecurityFrameworkDemoApplicationTests in 14.158 seconds (process running for 17.854)
]]></system-out>
  <system-err><![CDATA[]]></system-err>
</testsuite>
