<?xml version="1.0" encoding="UTF-8"?>
<testsuite name="az.edu.ada.wm2.springbootsecurityframeworkdemo.SpringBootSecurityFrameworkDemoApplicationTests" tests="1" skipped="0" failures="0" errors="0" timestamp="2024-05-08T16:40:09" hostname="DESKTOP-QO9DOES" time="0.798">
  <properties/>
  <testcase name="contextLoads()" classname="az.edu.ada.wm2.springbootsecurityframeworkdemo.SpringBootSecurityFrameworkDemoApplicationTests" time="0.798"/>
  <system-out><![CDATA[20:40:00.008 [Test worker] INFO org.springframework.test.context.support.AnnotationConfigContextLoaderUtils -- Could not detect default configuration classes for test class [az.edu.ada.wm2.springbootsecurityframeworkdemo.SpringBootSecurityFrameworkDemoApplicationTests]: SpringBootSecurityFrameworkDemoApplicationTests does not declare any static, non-private, non-final, nested classes annotated with @Configuration.
20:40:00.133 [Test worker] INFO org.springframework.boot.test.context.SpringBootTestContextBootstrapper -- Found @SpringBootConfiguration az.edu.ada.wm2.springbootsecurityframeworkdemo.SpringBootSecurityFrameworkDemoApplication for test class az.edu.ada.wm2.springbootsecurityframeworkdemo.SpringBootSecurityFrameworkDemoApplicationTests

  .   ____          _            __ _ _
 /\\ / ___'_ __ _ _(_)_ __  __ _ \ \ \ \
( ( )\___ | '_ | '_| | '_ \/ _` | \ \ \ \
 \\/  ___)| |_)| | | | | || (_| |  ) ) ) )
  '  |____| .__|_| |_|_| |_\__, | / / / /
 =========|_|==============|___/=/_/_/_/
 :: Spring Boot ::                (v3.2.5)

2024-05-08T20:40:00.751+04:00  INFO 10612 --- [    Test worker] ootSecurityFrameworkDemoApplicationTests : Starting SpringBootSecurityFrameworkDemoApplicationTests using Java 17.0.10 with PID 10612 (started by nargi in C:\Users\nargi\OneDrive\Documents\web2\as1-spring-boot-logging-and-security-nargizh7)
2024-05-08T20:40:00.753+04:00  INFO 10612 --- [    Test worker] ootSecurityFrameworkDemoApplicationTests : No active profile set, falling back to 1 default profile: "default"
2024-05-08T20:40:00.799+04:00 DEBUG 10612 --- [    Test worker] o.s.w.c.s.GenericWebApplicationContext   : Refreshing org.springframework.web.context.support.GenericWebApplicationContext@9a7a808
2024-05-08T20:40:02.245+04:00  INFO 10612 --- [    Test worker] .s.d.r.c.RepositoryConfigurationDelegate : Bootstrapping Spring Data JPA repositories in DEFAULT mode.
2024-05-08T20:40:02.387+04:00  INFO 10612 --- [    Test worker] .s.d.r.c.RepositoryConfigurationDelegate : Finished Spring Data repository scanning in 124 ms. Found 2 JPA repository interfaces.
2024-05-08T20:40:03.507+04:00  INFO 10612 --- [    Test worker] o.hibernate.jpa.internal.util.LogHelper  : HHH000204: Processing PersistenceUnitInfo [name: default]
2024-05-08T20:40:03.694+04:00  INFO 10612 --- [    Test worker] org.hibernate.Version                    : HHH000412: Hibernate ORM core version 6.4.4.Final
2024-05-08T20:40:03.777+04:00  INFO 10612 --- [    Test worker] o.h.c.internal.RegionFactoryInitiator    : HHH000026: Second-level cache disabled
2024-05-08T20:40:04.265+04:00  INFO 10612 --- [    Test worker] o.s.o.j.p.SpringPersistenceUnitInfo      : No LoadTimeWeaver setup: ignoring JPA class transformer
2024-05-08T20:40:04.303+04:00  INFO 10612 --- [    Test worker] com.zaxxer.hikari.HikariDataSource       : HikariPool-1 - Starting...
2024-05-08T20:40:04.496+04:00  INFO 10612 --- [    Test worker] com.zaxxer.hikari.pool.HikariPool        : HikariPool-1 - Added connection conn0: url=jdbc:h2:mem:umsDB user=SA
2024-05-08T20:40:04.498+04:00  INFO 10612 --- [    Test worker] com.zaxxer.hikari.HikariDataSource       : HikariPool-1 - Start completed.
2024-05-08T20:40:04.541+04:00  WARN 10612 --- [    Test worker] org.hibernate.dialect.Dialect            : HHH000511: The 1.4.200 version for [org.hibernate.dialect.H2Dialect] is no longer supported, hence certain features may not work properly. The minimum supported version is 2.1.214. Check the community dialects project for available legacy versions.
2024-05-08T20:40:05.952+04:00  INFO 10612 --- [    Test worker] o.h.e.t.j.p.i.JtaPlatformInitiator       : HHH000489: No JTA platform available (set 'hibernate.transaction.jta.platform' to enable JTA platform integration)
Hibernate: 
    drop table if exists movies cascade 
Hibernate: 
    drop table if exists users cascade 
Hibernate: 
    create table movies (
        wins integer not null,
        id bigint generated by default as identity,
        country varchar(255) not null,
        name varchar(255) not null,
        primary key (id)
    )
Hibernate: 
    create table users (
        id bigint generated by default as identity,
        email varchar(255) not null unique,
        password varchar(255) not null,
        roles varchar(255) not null,
        username varchar(255) not null unique,
        primary key (id)
    )
2024-05-08T20:40:06.009+04:00  INFO 10612 --- [    Test worker] j.LocalContainerEntityManagerFactoryBean : Initialized JPA EntityManagerFactory for persistence unit 'default'
2024-05-08T20:40:06.049+04:00 DEBUG 10612 --- [    Test worker] .PrePostAnnotationSecurityMetadataSource : @org.springframework.security.access.prepost.PreAuthorize("hasRole(\'USER\')") found on specific method: public java.lang.String az.edu.ada.wm2.springbootsecurityframeworkdemo.controller.BusinessController.getUsersHomePage(org.springframework.ui.Model)
2024-05-08T20:40:06.090+04:00 DEBUG 10612 --- [    Test worker] m.DelegatingMethodSecurityMetadataSource : Caching method [CacheKey[az.edu.ada.wm2.springbootsecurityframeworkdemo.controller.BusinessController; public java.lang.String az.edu.ada.wm2.springbootsecurityframeworkdemo.controller.BusinessController.getUsersHomePage(org.springframework.ui.Model)]] with attributes [[authorize: 'hasRole('USER')', filter: 'null', filterTarget: 'null']]
2024-05-08T20:40:06.134+04:00 DEBUG 10612 --- [    Test worker] .PrePostAnnotationSecurityMetadataSource : @org.springframework.security.access.prepost.PreAuthorize("hasRole(\'ADMIN\')") found on specific method: public java.lang.String az.edu.ada.wm2.springbootsecurityframeworkdemo.controller.BusinessController.getAdminsHomePage(org.springframework.ui.Model)
2024-05-08T20:40:06.135+04:00 DEBUG 10612 --- [    Test worker] m.DelegatingMethodSecurityMetadataSource : Caching method [CacheKey[az.edu.ada.wm2.springbootsecurityframeworkdemo.controller.BusinessController; public java.lang.String az.edu.ada.wm2.springbootsecurityframeworkdemo.controller.BusinessController.getAdminsHomePage(org.springframework.ui.Model)]] with attributes [[authorize: 'hasRole('ADMIN')', filter: 'null', filterTarget: 'null']]
2024-05-08T20:40:06.648+04:00  INFO 10612 --- [    Test worker] o.s.d.j.r.query.QueryEnhancerFactory     : Hibernate is in classpath; If applicable, HQL parser will be used.
2024-05-08T20:40:07.272+04:00 DEBUG 10612 --- [    Test worker] .PrePostAnnotationSecurityMetadataSource : @org.springframework.security.access.prepost.PreAuthorize("hasRole(\'ADMIN\')") found on specific method: public java.lang.String az.edu.ada.wm2.springbootsecurityframeworkdemo.controller.MovieController.delete(java.lang.Long)
2024-05-08T20:40:07.272+04:00 DEBUG 10612 --- [    Test worker] m.DelegatingMethodSecurityMetadataSource : Caching method [CacheKey[az.edu.ada.wm2.springbootsecurityframeworkdemo.controller.MovieController; public java.lang.String az.edu.ada.wm2.springbootsecurityframeworkdemo.controller.MovieController.delete(java.lang.Long)]] with attributes [[authorize: 'hasRole('ADMIN')', filter: 'null', filterTarget: 'null']]
2024-05-08T20:40:07.275+04:00 DEBUG 10612 --- [    Test worker] .PrePostAnnotationSecurityMetadataSource : @org.springframework.security.access.prepost.PreAuthorize("hasRole(\'ADMIN\')") found on specific method: public java.lang.String az.edu.ada.wm2.springbootsecurityframeworkdemo.controller.MovieController.save(az.edu.ada.wm2.springbootsecurityframeworkdemo.model.dto.MovieDto,org.springframework.validation.BindingResult,org.springframework.web.servlet.mvc.support.RedirectAttributes)
2024-05-08T20:40:07.275+04:00 DEBUG 10612 --- [    Test worker] m.DelegatingMethodSecurityMetadataSource : Caching method [CacheKey[az.edu.ada.wm2.springbootsecurityframeworkdemo.controller.MovieController; public java.lang.String az.edu.ada.wm2.springbootsecurityframeworkdemo.controller.MovieController.save(az.edu.ada.wm2.springbootsecurityframeworkdemo.model.dto.MovieDto,org.springframework.validation.BindingResult,org.springframework.web.servlet.mvc.support.RedirectAttributes)]] with attributes [[authorize: 'hasRole('ADMIN')', filter: 'null', filterTarget: 'null']]
2024-05-08T20:40:07.275+04:00 DEBUG 10612 --- [    Test worker] .PrePostAnnotationSecurityMetadataSource : @org.springframework.security.access.prepost.PreAuthorize("hasRole(\'ADMIN\')") found on specific method: public java.lang.String az.edu.ada.wm2.springbootsecurityframeworkdemo.controller.MovieController.updateMovie(java.lang.Long,az.edu.ada.wm2.springbootsecurityframeworkdemo.model.dto.MovieDto,org.springframework.validation.BindingResult,org.springframework.ui.Model)
2024-05-08T20:40:07.276+04:00 DEBUG 10612 --- [    Test worker] m.DelegatingMethodSecurityMetadataSource : Caching method [CacheKey[az.edu.ada.wm2.springbootsecurityframeworkdemo.controller.MovieController; public java.lang.String az.edu.ada.wm2.springbootsecurityframeworkdemo.controller.MovieController.updateMovie(java.lang.Long,az.edu.ada.wm2.springbootsecurityframeworkdemo.model.dto.MovieDto,org.springframework.validation.BindingResult,org.springframework.ui.Model)]] with attributes [[authorize: 'hasRole('ADMIN')', filter: 'null', filterTarget: 'null']]
2024-05-08T20:40:07.276+04:00 DEBUG 10612 --- [    Test worker] .PrePostAnnotationSecurityMetadataSource : @org.springframework.security.access.prepost.PreAuthorize("hasRole(\'ADMIN\')") found on specific method: public java.lang.String az.edu.ada.wm2.springbootsecurityframeworkdemo.controller.MovieController.showUpdateForm(java.lang.Long,org.springframework.ui.Model)
2024-05-08T20:40:07.276+04:00 DEBUG 10612 --- [    Test worker] m.DelegatingMethodSecurityMetadataSource : Caching method [CacheKey[az.edu.ada.wm2.springbootsecurityframeworkdemo.controller.MovieController; public java.lang.String az.edu.ada.wm2.springbootsecurityframeworkdemo.controller.MovieController.showUpdateForm(java.lang.Long,org.springframework.ui.Model)]] with attributes [[authorize: 'hasRole('ADMIN')', filter: 'null', filterTarget: 'null']]
2024-05-08T20:40:07.276+04:00 DEBUG 10612 --- [    Test worker] .PrePostAnnotationSecurityMetadataSource : @org.springframework.security.access.prepost.PreAuthorize("hasRole(\'ADMIN\')") found on specific method: public java.lang.String az.edu.ada.wm2.springbootsecurityframeworkdemo.controller.MovieController.createNewMovie(org.springframework.ui.Model)
2024-05-08T20:40:07.277+04:00 DEBUG 10612 --- [    Test worker] m.DelegatingMethodSecurityMetadataSource : Caching method [CacheKey[az.edu.ada.wm2.springbootsecurityframeworkdemo.controller.MovieController; public java.lang.String az.edu.ada.wm2.springbootsecurityframeworkdemo.controller.MovieController.createNewMovie(org.springframework.ui.Model)]] with attributes [[authorize: 'hasRole('ADMIN')', filter: 'null', filterTarget: 'null']]
2024-05-08T20:40:07.448+04:00  WARN 10612 --- [    Test worker] JpaBaseConfiguration$JpaWebConfiguration : spring.jpa.open-in-view is enabled by default. Therefore, database queries may be performed during view rendering. Explicitly configure spring.jpa.open-in-view to disable this warning
2024-05-08T20:40:07.724+04:00  INFO 10612 --- [    Test worker] o.s.b.a.w.s.WelcomePageHandlerMapping    : Adding welcome page template: index
2024-05-08T20:40:07.878+04:00 DEBUG 10612 --- [    Test worker] s.w.s.m.m.a.RequestMappingHandlerMapping : 16 mappings in 'requestMappingHandlerMapping'
2024-05-08T20:40:07.903+04:00 DEBUG 10612 --- [    Test worker] o.s.w.s.handler.SimpleUrlHandlerMapping  : Patterns [/static, /login, /index] in 'viewControllerHandlerMapping'
2024-05-08T20:40:08.161+04:00 DEBUG 10612 --- [    Test worker] o.s.w.s.handler.SimpleUrlHandlerMapping  : Patterns [/webjars/**, /**] in 'resourceHandlerMapping'
2024-05-08T20:40:08.279+04:00  INFO 10612 --- [    Test worker] o.s.s.web.DefaultSecurityFilterChain     : Will secure any request with [org.springframework.security.web.session.DisableEncodeUrlFilter@2a90c15e, org.springframework.security.web.context.request.async.WebAsyncManagerIntegrationFilter@55a46bf3, org.springframework.security.web.context.SecurityContextHolderFilter@59294f29, org.springframework.security.web.header.HeaderWriterFilter@47cce306, org.springframework.web.filter.CorsFilter@324c3ed5, org.springframework.security.web.csrf.CsrfFilter@3905229, org.springframework.security.web.authentication.logout.LogoutFilter@f507d33, org.springframework.security.web.authentication.UsernamePasswordAuthenticationFilter@7a461744, org.springframework.security.web.savedrequest.RequestCacheAwareFilter@30c96ea9, org.springframework.security.web.servletapi.SecurityContextHolderAwareRequestFilter@62a9d176, org.springframework.security.web.authentication.AnonymousAuthenticationFilter@7f5ba1bf, org.springframework.security.web.access.ExceptionTranslationFilter@37edb7fa, org.springframework.security.web.access.intercept.AuthorizationFilter@50e7f88b]
2024-05-08T20:40:08.593+04:00 DEBUG 10612 --- [    Test worker] s.w.s.m.m.a.RequestMappingHandlerAdapter : ControllerAdvice beans: 0 @ModelAttribute, 0 @InitBinder, 1 RequestBodyAdvice, 1 ResponseBodyAdvice
2024-05-08T20:40:08.672+04:00 DEBUG 10612 --- [    Test worker] .m.m.a.ExceptionHandlerExceptionResolver : ControllerAdvice beans: 0 @ExceptionHandler, 1 ResponseBodyAdvice
2024-05-08T20:40:09.104+04:00  INFO 10612 --- [    Test worker] ootSecurityFrameworkDemoApplicationTests : Started SpringBootSecurityFrameworkDemoApplicationTests in 8.689 seconds (process running for 10.323)
Hibernate: 
    select
        u1_0.id,
        u1_0.email,
        u1_0.password,
        u1_0.roles,
        u1_0.username 
    from
        users u1_0 
    where
        u1_0.username=?
Hibernate: 
    insert 
    into
        users
        (email, password, roles, username, id) 
    values
        (?, ?, ?, ?, default)
Hibernate: 
    select
        u1_0.id,
        u1_0.email,
        u1_0.password,
        u1_0.roles,
        u1_0.username 
    from
        users u1_0 
    where
        u1_0.username=?
Hibernate: 
    insert 
    into
        users
        (email, password, roles, username, id) 
    values
        (?, ?, ?, ?, default)
]]></system-out>
  <system-err><![CDATA[]]></system-err>
</testsuite>
